Using pre-set license
Built from '2020.3/release' branch; Version is '2020.3.2f1 (8fd9074bf66c) revision 9427207'; Using compiler version '192528614'; Build Type 'Release'
OS: 'Windows 10 Home; OS build 19042.867; Version 2009; 64bit' Language: 'en' Physical Memory: 16300 MB
BatchMode: 1, IsHumanControllingUs: 0, StartBugReporterOnCrash: 0, Is64bit: 1, IsPro: 0

 COMMAND LINE ARGUMENTS:
C:\Program Files\Unity\Hub\Editor\2020.3.2f1\Editor\Unity.exe
-adb2
-batchMode
-noUpm
-name
AssetImportWorker0
-projectPath
C:/Users/TTabe/Documents/UnityProjects/CEN207-Assessment2/cen207_unityproject
-logFile
Logs/AssetImportWorker0.log
-srvPort
<<<<<<< Updated upstream
<<<<<<< Updated upstream
64595
Successfully changed project path to: C:/Users/TTabe/Documents/UnityProjects/CEN207-Assessment2/cen207_unityproject
C:/Users/TTabe/Documents/UnityProjects/CEN207-Assessment2/cen207_unityproject
Using Asset Import Pipeline V2.
Refreshing native plugins compatible for Editor in 83.84 ms, found 0 plugins.
=======
50157
Successfully changed project path to: C:/Users/TTabe/Documents/UnityProjects/CEN207-Assessment2/cen207_unityproject
C:/Users/TTabe/Documents/UnityProjects/CEN207-Assessment2/cen207_unityproject
Using Asset Import Pipeline V2.
Refreshing native plugins compatible for Editor in 28.45 ms, found 0 plugins.
>>>>>>> Stashed changes
=======
50157
Successfully changed project path to: C:/Users/TTabe/Documents/UnityProjects/CEN207-Assessment2/cen207_unityproject
C:/Users/TTabe/Documents/UnityProjects/CEN207-Assessment2/cen207_unityproject
Using Asset Import Pipeline V2.
Refreshing native plugins compatible for Editor in 28.45 ms, found 0 plugins.
>>>>>>> Stashed changes
Preloading 0 native plugins for Editor in 0.00 ms.
Initialize engine version: 2020.3.2f1 (8fd9074bf66c)
[Subsystems] Discovering subsystems at path C:/Program Files/Unity/Hub/Editor/2020.3.2f1/Editor/Data/Resources/UnitySubsystems
[Subsystems] Discovering subsystems at path C:/Users/TTabe/Documents/UnityProjects/CEN207-Assessment2/cen207_unityproject/Assets
GfxDevice: creating device client; threaded=0
Direct3D:
    Version:  Direct3D 11.0 [level 11.1]
    Renderer: Intel(R) UHD Graphics 620 (ID=0x5917)
    Vendor:   
    VRAM:     8150 MB
    Driver:   26.20.100.7637
Initialize mono
Mono path[0] = 'C:/Program Files/Unity/Hub/Editor/2020.3.2f1/Editor/Data/Managed'
Mono path[1] = 'C:/Program Files/Unity/Hub/Editor/2020.3.2f1/Editor/Data/MonoBleedingEdge/lib/mono/unityjit'
Mono config path = 'C:/Program Files/Unity/Hub/Editor/2020.3.2f1/Editor/Data/MonoBleedingEdge/etc'
<<<<<<< Updated upstream
<<<<<<< Updated upstream
Using monoOptions --debugger-agent=transport=dt_socket,embedding=1,server=y,suspend=n,address=127.0.0.1:56184
=======
Using monoOptions --debugger-agent=transport=dt_socket,embedding=1,server=y,suspend=n,address=127.0.0.1:56752
>>>>>>> Stashed changes
=======
Using monoOptions --debugger-agent=transport=dt_socket,embedding=1,server=y,suspend=n,address=127.0.0.1:56752
>>>>>>> Stashed changes
Begin MonoManager ReloadAssembly
Registering precompiled unity dll's ...
Register platform support module: C:/Program Files/Unity/Hub/Editor/2020.3.2f1/Editor/Data/PlaybackEngines/WebGLSupport/UnityEditor.WebGL.Extensions.dll
Register platform support module: C:/Program Files/Unity/Hub/Editor/2020.3.2f1/Editor/Data/PlaybackEngines/WindowsStandaloneSupport/UnityEditor.WindowsStandalone.Extensions.dll
<<<<<<< Updated upstream
<<<<<<< Updated upstream
Registered in 0.003729 seconds.
Native extension for WindowsStandalone target not found
Native extension for WebGL target not found
Refreshing native plugins compatible for Editor in 35.29 ms, found 0 plugins.
=======
Registered in 0.002933 seconds.
Native extension for WindowsStandalone target not found
Native extension for WebGL target not found
Refreshing native plugins compatible for Editor in 26.58 ms, found 0 plugins.
>>>>>>> Stashed changes
=======
Registered in 0.002933 seconds.
Native extension for WindowsStandalone target not found
Native extension for WebGL target not found
Refreshing native plugins compatible for Editor in 26.58 ms, found 0 plugins.
>>>>>>> Stashed changes
Preloading 0 native plugins for Editor in 0.00 ms.
Invoked RoslynAnalysisRunner static constructor.
RoslynAnalysisRunner will not be running.
RoslynAnalysisRunner has terminated.
Mono: successfully reloaded assembly
<<<<<<< Updated upstream
<<<<<<< Updated upstream
- Completed reload, in  2.798 seconds
Platform modules already initialized, skipping
Registering precompiled user dll's ...
Registered in 0.000931 seconds.
Begin MonoManager ReloadAssembly
Native extension for WindowsStandalone target not found
Native extension for WebGL target not found
Refreshing native plugins compatible for Editor in 0.34 ms, found 0 plugins.
=======
- Completed reload, in  2.428 seconds
Platform modules already initialized, skipping
Registering precompiled user dll's ...
Registered in 0.000914 seconds.
Begin MonoManager ReloadAssembly
Native extension for WindowsStandalone target not found
Native extension for WebGL target not found
Refreshing native plugins compatible for Editor in 0.47 ms, found 0 plugins.
>>>>>>> Stashed changes
=======
- Completed reload, in  2.428 seconds
Platform modules already initialized, skipping
Registering precompiled user dll's ...
Registered in 0.000914 seconds.
Begin MonoManager ReloadAssembly
Native extension for WindowsStandalone target not found
Native extension for WebGL target not found
Refreshing native plugins compatible for Editor in 0.47 ms, found 0 plugins.
>>>>>>> Stashed changes
Preloading 0 native plugins for Editor in 0.00 ms.
Invoked RoslynAnalysisRunner static constructor.
RoslynAnalysisRunner will not be running.
RoslynAnalysisRunner has terminated.
Mono: successfully reloaded assembly
<<<<<<< Updated upstream
<<<<<<< Updated upstream
- Completed reload, in  1.220 seconds
Platform modules already initialized, skipping
========================================================================
Worker process is ready to serve import requests
Launched and connected shader compiler UnityShaderCompiler.exe after 0.08 seconds
Refreshing native plugins compatible for Editor in 0.26 ms, found 0 plugins.
=======
- Completed reload, in  1.076 seconds
Platform modules already initialized, skipping
========================================================================
Worker process is ready to serve import requests
Launched and connected shader compiler UnityShaderCompiler.exe after 0.07 seconds
Refreshing native plugins compatible for Editor in 0.27 ms, found 0 plugins.
>>>>>>> Stashed changes
=======
- Completed reload, in  1.076 seconds
Platform modules already initialized, skipping
========================================================================
Worker process is ready to serve import requests
Launched and connected shader compiler UnityShaderCompiler.exe after 0.07 seconds
Refreshing native plugins compatible for Editor in 0.27 ms, found 0 plugins.
>>>>>>> Stashed changes
Preloading 0 native plugins for Editor in 0.00 ms.
Unloading 1137 Unused Serialized files (Serialized files now loaded: 0)
System memory in use before: 59.8 MB.
System memory in use after: 59.8 MB.

Unloading 10 unused Assets to reduce memory usage. Loaded Objects now: 1580.
<<<<<<< Updated upstream
<<<<<<< Updated upstream
Total: 2.793100 ms (FindLiveObjects: 0.422800 ms CreateObjectMapping: 0.125700 ms MarkObjects: 2.093800 ms  DeleteObjects: 0.149700 ms)

========================================================================
Received Import Request.
  path: Assets/Scenes/App Scene.unity
  artifactKey: Guid(74a777cca3f364349bbccdb36f4010f2) Importer(815301076,1909f56bfc062723c751e8b465ee728b)
Start importing Assets/Scenes/App Scene.unity using Guid(74a777cca3f364349bbccdb36f4010f2) Importer(815301076,1909f56bfc062723c751e8b465ee728b)  -> (artifact id: '2e4507f1ac7a7568bd9c51743353e30b') in 0.025439 seconds
  Import took 0.028917 seconds .

========================================================================
Received Import Request.
  Time since last request: 27.145675 seconds.
  path: Assets/LoadingScene/GameScene.unity
  artifactKey: Guid(977869dbd8af4854b98f2ce800ed43f3) Importer(815301076,1909f56bfc062723c751e8b465ee728b)
Start importing Assets/LoadingScene/GameScene.unity using Guid(977869dbd8af4854b98f2ce800ed43f3) Importer(815301076,1909f56bfc062723c751e8b465ee728b)  -> (artifact id: 'd24f5bc587a9af231a44ef3b2668c7b2') in 0.042489 seconds
  Import took 0.052271 seconds .

========================================================================
Received Import Request.
  Time since last request: 0.003707 seconds.
  path: Assets/LoadingScene/GameScene.unity
  artifactKey: Guid(977869dbd8af4854b98f2ce800ed43f3) Importer(815301076,1909f56bfc062723c751e8b465ee728b)
Start importing Assets/LoadingScene/GameScene.unity using Guid(977869dbd8af4854b98f2ce800ed43f3) Importer(815301076,1909f56bfc062723c751e8b465ee728b)  -> (artifact id: 'd24f5bc587a9af231a44ef3b2668c7b2') in 0.019072 seconds
  Import took 0.029107 seconds .

========================================================================
Received Import Request.
  Time since last request: 2.848319 seconds.
  path: Assets/LoadingScene/Loading.unity
  artifactKey: Guid(8588aaab6781dc246b0350b3d77dc6d2) Importer(815301076,1909f56bfc062723c751e8b465ee728b)
Start importing Assets/LoadingScene/Loading.unity using Guid(8588aaab6781dc246b0350b3d77dc6d2) Importer(815301076,1909f56bfc062723c751e8b465ee728b)  -> (artifact id: '38d7a8de1f72634cd67078f4871971df') in 0.015411 seconds
  Import took 0.019307 seconds .

========================================================================
Received Import Request.
  Time since last request: 0.001544 seconds.
  path: Assets/LoadingScene/Loading.unity
  artifactKey: Guid(8588aaab6781dc246b0350b3d77dc6d2) Importer(815301076,1909f56bfc062723c751e8b465ee728b)
Start importing Assets/LoadingScene/Loading.unity using Guid(8588aaab6781dc246b0350b3d77dc6d2) Importer(815301076,1909f56bfc062723c751e8b465ee728b)  -> (artifact id: '38d7a8de1f72634cd67078f4871971df') in 0.008361 seconds
  Import took 0.012110 seconds .

========================================================================
Received Import Request.
  Time since last request: 1.743507 seconds.
  path: Assets/LoadingScene/MainMenu.unity
  artifactKey: Guid(145df6ba242612e48a23236f9832f58e) Importer(815301076,1909f56bfc062723c751e8b465ee728b)
Start importing Assets/LoadingScene/MainMenu.unity using Guid(145df6ba242612e48a23236f9832f58e) Importer(815301076,1909f56bfc062723c751e8b465ee728b)  -> (artifact id: '3caeaaf1dc5e9f4dc3ab3f0cff636999') in 0.025518 seconds
  Import took 0.029682 seconds .

========================================================================
Received Import Request.
  Time since last request: 7.636137 seconds.
  path: Assets/LoadingScene/Loader.cs
  artifactKey: Guid(f446974cdbfd0a94d86f992f10e3f3b7) Importer(815301076,1909f56bfc062723c751e8b465ee728b)
Start importing Assets/LoadingScene/Loader.cs using Guid(f446974cdbfd0a94d86f992f10e3f3b7) Importer(815301076,1909f56bfc062723c751e8b465ee728b)  -> (artifact id: 'f1444eb54cccde01ba5bc2591b283029') in 0.047949 seconds
  Import took 0.050669 seconds .

========================================================================
Received Import Request.
  Time since last request: 0.008649 seconds.
  path: Assets/LoadingScene/Loader.cs
  artifactKey: Guid(f446974cdbfd0a94d86f992f10e3f3b7) Importer(815301076,1909f56bfc062723c751e8b465ee728b)
Start importing Assets/LoadingScene/Loader.cs using Guid(f446974cdbfd0a94d86f992f10e3f3b7) Importer(815301076,1909f56bfc062723c751e8b465ee728b)  -> (artifact id: 'f1444eb54cccde01ba5bc2591b283029') in 0.004893 seconds
  Import took 0.009284 seconds .
=======
Total: 2.556200 ms (FindLiveObjects: 0.484800 ms CreateObjectMapping: 0.105500 ms MarkObjects: 1.866200 ms  DeleteObjects: 0.098300 ms)

========================================================================
Received Import Request.
  path: Assets/Scenes/SampleScene 1.unity
  artifactKey: Guid(c148d8a334da57547a668ca731300dda) Importer(815301076,1909f56bfc062723c751e8b465ee728b)
Start importing Assets/Scenes/SampleScene 1.unity using Guid(c148d8a334da57547a668ca731300dda) Importer(815301076,1909f56bfc062723c751e8b465ee728b)  -> (artifact id: '1e1b92e136ff9a59e87901b0a260f13a') in 0.018541 seconds
  Import took 0.020812 seconds .

========================================================================
Received Import Request.
=======
Total: 2.556200 ms (FindLiveObjects: 0.484800 ms CreateObjectMapping: 0.105500 ms MarkObjects: 1.866200 ms  DeleteObjects: 0.098300 ms)

========================================================================
Received Import Request.
  path: Assets/Scenes/SampleScene 1.unity
  artifactKey: Guid(c148d8a334da57547a668ca731300dda) Importer(815301076,1909f56bfc062723c751e8b465ee728b)
Start importing Assets/Scenes/SampleScene 1.unity using Guid(c148d8a334da57547a668ca731300dda) Importer(815301076,1909f56bfc062723c751e8b465ee728b)  -> (artifact id: '1e1b92e136ff9a59e87901b0a260f13a') in 0.018541 seconds
  Import took 0.020812 seconds .

========================================================================
Received Import Request.
>>>>>>> Stashed changes
  Time since last request: 17.222170 seconds.
  path: Assets/Scenes/Python Test Scene.unity
  artifactKey: Guid(c148d8a334da57547a668ca731300dda) Importer(815301076,1909f56bfc062723c751e8b465ee728b)
Start importing Assets/Scenes/Python Test Scene.unity using Guid(c148d8a334da57547a668ca731300dda) Importer(815301076,1909f56bfc062723c751e8b465ee728b)  -> (artifact id: '8e6a322f147fe7d5bd7ef1e382dd5ebc') in 0.016638 seconds
  Import took 0.019367 seconds .

========================================================================
Received Prepare
Registering precompiled user dll's ...
Registered in 0.001327 seconds.
Begin MonoManager ReloadAssembly
Native extension for WindowsStandalone target not found
Native extension for WebGL target not found
Refreshing native plugins compatible for Editor in 0.44 ms, found 0 plugins.
Preloading 0 native plugins for Editor in 0.00 ms.
Invoked RoslynAnalysisRunner static constructor.
RoslynAnalysisRunner will not be running.
RoslynAnalysisRunner has terminated.
Mono: successfully reloaded assembly
- Completed reload, in  1.136 seconds
Platform modules already initialized, skipping
Refreshing native plugins compatible for Editor in 0.25 ms, found 0 plugins.
Preloading 0 native plugins for Editor in 0.00 ms.
Unloading 1119 Unused Serialized files (Serialized files now loaded: 0)
System memory in use before: 58.4 MB.
System memory in use after: 58.5 MB.

Unloading 5 unused Assets to reduce memory usage. Loaded Objects now: 1583.
Total: 1.993800 ms (FindLiveObjects: 0.169400 ms CreateObjectMapping: 0.035400 ms MarkObjects: 1.701100 ms  DeleteObjects: 0.086600 ms)

========================================================================
Received Prepare
Registering precompiled user dll's ...
Registered in 0.000878 seconds.
Begin MonoManager ReloadAssembly
Native extension for WindowsStandalone target not found
Native extension for WebGL target not found
Refreshing native plugins compatible for Editor in 0.27 ms, found 0 plugins.
Preloading 0 native plugins for Editor in 0.00 ms.
Invoked RoslynAnalysisRunner static constructor.
RoslynAnalysisRunner will not be running.
RoslynAnalysisRunner has terminated.
Mono: successfully reloaded assembly
- Completed reload, in  1.139 seconds
Platform modules already initialized, skipping
Refreshing native plugins compatible for Editor in 0.28 ms, found 0 plugins.
Preloading 0 native plugins for Editor in 0.00 ms.
Unloading 1119 Unused Serialized files (Serialized files now loaded: 0)
System memory in use before: 58.5 MB.
System memory in use after: 58.5 MB.

Unloading 5 unused Assets to reduce memory usage. Loaded Objects now: 1586.
Total: 3.673000 ms (FindLiveObjects: 0.407800 ms CreateObjectMapping: 0.120200 ms MarkObjects: 3.040400 ms  DeleteObjects: 0.102600 ms)

========================================================================
Received Prepare
Registering precompiled user dll's ...
Registered in 0.002231 seconds.
Begin MonoManager ReloadAssembly
Native extension for WindowsStandalone target not found
Native extension for WebGL target not found
Refreshing native plugins compatible for Editor in 0.26 ms, found 0 plugins.
Preloading 0 native plugins for Editor in 0.00 ms.
Invoked RoslynAnalysisRunner static constructor.
RoslynAnalysisRunner will not be running.
RoslynAnalysisRunner has terminated.
Mono: successfully reloaded assembly
- Completed reload, in  1.192 seconds
Platform modules already initialized, skipping
Refreshing native plugins compatible for Editor in 0.29 ms, found 0 plugins.
Preloading 0 native plugins for Editor in 0.00 ms.
Unloading 1119 Unused Serialized files (Serialized files now loaded: 0)
System memory in use before: 58.5 MB.
System memory in use after: 58.6 MB.

Unloading 5 unused Assets to reduce memory usage. Loaded Objects now: 1589.
Total: 5.655600 ms (FindLiveObjects: 0.402200 ms CreateObjectMapping: 0.123300 ms MarkObjects: 4.970900 ms  DeleteObjects: 0.156700 ms)

========================================================================
Received Prepare
Registering precompiled user dll's ...
Registered in 0.001218 seconds.
Begin MonoManager ReloadAssembly
Native extension for WindowsStandalone target not found
Native extension for WebGL target not found
Refreshing native plugins compatible for Editor in 0.24 ms, found 0 plugins.
Preloading 0 native plugins for Editor in 0.00 ms.
Invoked RoslynAnalysisRunner static constructor.
RoslynAnalysisRunner will not be running.
RoslynAnalysisRunner has terminated.
Mono: successfully reloaded assembly
- Completed reload, in  1.108 seconds
Platform modules already initialized, skipping
Refreshing native plugins compatible for Editor in 0.27 ms, found 0 plugins.
Preloading 0 native plugins for Editor in 0.00 ms.
Unloading 1119 Unused Serialized files (Serialized files now loaded: 0)
System memory in use before: 58.5 MB.
System memory in use after: 58.6 MB.

Unloading 5 unused Assets to reduce memory usage. Loaded Objects now: 1592.
Total: 3.849400 ms (FindLiveObjects: 0.234400 ms CreateObjectMapping: 0.075000 ms MarkObjects: 3.423500 ms  DeleteObjects: 0.114500 ms)
<<<<<<< Updated upstream
>>>>>>> Stashed changes
=======
>>>>>>> Stashed changes

========================================================================
Received Prepare
Registering precompiled user dll's ...
<<<<<<< Updated upstream
<<<<<<< Updated upstream
Registered in 0.002359 seconds.
Begin MonoManager ReloadAssembly
Native extension for WindowsStandalone target not found
Native extension for WebGL target not found
Refreshing native plugins compatible for Editor in 0.28 ms, found 0 plugins.
=======
=======
>>>>>>> Stashed changes
Registered in 0.000908 seconds.
Begin MonoManager ReloadAssembly
Native extension for WindowsStandalone target not found
Native extension for WebGL target not found
Refreshing native plugins compatible for Editor in 0.29 ms, found 0 plugins.
<<<<<<< Updated upstream
>>>>>>> Stashed changes
=======
>>>>>>> Stashed changes
Preloading 0 native plugins for Editor in 0.00 ms.
Invoked RoslynAnalysisRunner static constructor.
RoslynAnalysisRunner will not be running.
RoslynAnalysisRunner has terminated.
Mono: successfully reloaded assembly
<<<<<<< Updated upstream
<<<<<<< Updated upstream
- Completed reload, in  1.278 seconds
Platform modules already initialized, skipping
Refreshing native plugins compatible for Editor in 0.25 ms, found 0 plugins.
Preloading 0 native plugins for Editor in 0.00 ms.
Unloading 1119 Unused Serialized files (Serialized files now loaded: 0)
System memory in use before: 58.5 MB.
System memory in use after: 58.5 MB.

Unloading 5 unused Assets to reduce memory usage. Loaded Objects now: 1583.
Total: 2.830700 ms (FindLiveObjects: 0.422100 ms CreateObjectMapping: 0.233200 ms MarkObjects: 2.090000 ms  DeleteObjects: 0.075700 ms)

========================================================================
Received Import Request.
  Time since last request: 40.948233 seconds.
  path: Assets/LoadingScene/LoaderCallback.cs
  artifactKey: Guid(bdce77338c08fc44db6fcfce119d087a) Importer(815301076,1909f56bfc062723c751e8b465ee728b)
Start importing Assets/LoadingScene/LoaderCallback.cs using Guid(bdce77338c08fc44db6fcfce119d087a) Importer(815301076,1909f56bfc062723c751e8b465ee728b)  -> (artifact id: 'bfcaa12247a0e57a6584b4325b830114') in 0.020779 seconds
  Import took 0.025956 seconds .

========================================================================
Received Import Request.
  Time since last request: 0.001311 seconds.
  path: Assets/LoadingScene/LoaderCallback.cs
  artifactKey: Guid(bdce77338c08fc44db6fcfce119d087a) Importer(815301076,1909f56bfc062723c751e8b465ee728b)
Start importing Assets/LoadingScene/LoaderCallback.cs using Guid(bdce77338c08fc44db6fcfce119d087a) Importer(815301076,1909f56bfc062723c751e8b465ee728b)  -> (artifact id: 'bfcaa12247a0e57a6584b4325b830114') in 0.008451 seconds
  Import took 0.012450 seconds .

========================================================================
Received Import Request.
  Time since last request: 14.313919 seconds.
  path: Assets/LoadingScene/LoadingProgressBar.cs
  artifactKey: Guid(142b9757112ea874a81142d419142611) Importer(815301076,1909f56bfc062723c751e8b465ee728b)
Start importing Assets/LoadingScene/LoadingProgressBar.cs using Guid(142b9757112ea874a81142d419142611) Importer(815301076,1909f56bfc062723c751e8b465ee728b)  -> (artifact id: '391ae502e0b346b88ed198c3fb04bd3d') in 0.036599 seconds
  Import took 0.045243 seconds .

========================================================================
Received Import Request.
  Time since last request: 0.007486 seconds.
  path: Assets/LoadingScene/LoadingProgressBar.cs
  artifactKey: Guid(142b9757112ea874a81142d419142611) Importer(815301076,1909f56bfc062723c751e8b465ee728b)
Start importing Assets/LoadingScene/LoadingProgressBar.cs using Guid(142b9757112ea874a81142d419142611) Importer(815301076,1909f56bfc062723c751e8b465ee728b)  -> (artifact id: '391ae502e0b346b88ed198c3fb04bd3d') in 0.009249 seconds
  Import took 0.015259 seconds .

========================================================================
Received Import Request.
  Time since last request: 1.449826 seconds.
  path: Assets/LoadingScene/SceneUI.cs
  artifactKey: Guid(5ba59bf59b8f1ad41b731e1c9f38d04a) Importer(815301076,1909f56bfc062723c751e8b465ee728b)
Start importing Assets/LoadingScene/SceneUI.cs using Guid(5ba59bf59b8f1ad41b731e1c9f38d04a) Importer(815301076,1909f56bfc062723c751e8b465ee728b)  -> (artifact id: '8feaf60a0baf82550b20774d85ff40d8') in 0.021994 seconds
  Import took 0.027479 seconds .

========================================================================
Received Import Request.
  Time since last request: 28.957765 seconds.
  path: Assets/LoadingScene/StartMenu.cs
  artifactKey: Guid(33b5ebb315082d84f8c888961a996784) Importer(815301076,1909f56bfc062723c751e8b465ee728b)
Start importing Assets/LoadingScene/StartMenu.cs using Guid(33b5ebb315082d84f8c888961a996784) Importer(815301076,1909f56bfc062723c751e8b465ee728b)  -> (artifact id: '76b1994d1e949396bc214dc84a265445') in 0.016702 seconds
  Import took 0.020477 seconds .

========================================================================
Received Import Request.
  Time since last request: 3.196149 seconds.
  path: Assets/LoadingScene/Button_UI.cs
  artifactKey: Guid(602f74cbbbd80034b96f88091a8e7c1d) Importer(815301076,1909f56bfc062723c751e8b465ee728b)
Start importing Assets/LoadingScene/Button_UI.cs using Guid(602f74cbbbd80034b96f88091a8e7c1d) Importer(815301076,1909f56bfc062723c751e8b465ee728b)  -> (artifact id: '9e3b9bf72fc4685303eb498080c51430') in 0.013137 seconds
  Import took 0.015719 seconds .

========================================================================
Received Import Request.
  Time since last request: 0.006633 seconds.
  path: Assets/LoadingScene/Button_UI.cs
  artifactKey: Guid(602f74cbbbd80034b96f88091a8e7c1d) Importer(815301076,1909f56bfc062723c751e8b465ee728b)
Start importing Assets/LoadingScene/Button_UI.cs using Guid(602f74cbbbd80034b96f88091a8e7c1d) Importer(815301076,1909f56bfc062723c751e8b465ee728b)  -> (artifact id: '9e3b9bf72fc4685303eb498080c51430') in 0.004403 seconds
  Import took 0.007987 seconds .

========================================================================
Received Import Request.
  Time since last request: 6.315727 seconds.
  path: Assets/LoadingScene/Button_Sprite.cs
  artifactKey: Guid(4771330f098d1db4898ad07204154d04) Importer(815301076,1909f56bfc062723c751e8b465ee728b)
Start importing Assets/LoadingScene/Button_Sprite.cs using Guid(4771330f098d1db4898ad07204154d04) Importer(815301076,1909f56bfc062723c751e8b465ee728b)  -> (artifact id: '48d13122d79c6cc251abd6369b8972b3') in 0.012427 seconds
  Import took 0.016197 seconds .

========================================================================
Received Import Request.
  Time since last request: 0.001128 seconds.
  path: Assets/LoadingScene/Button_Sprite.cs
  artifactKey: Guid(4771330f098d1db4898ad07204154d04) Importer(815301076,1909f56bfc062723c751e8b465ee728b)
Start importing Assets/LoadingScene/Button_Sprite.cs using Guid(4771330f098d1db4898ad07204154d04) Importer(815301076,1909f56bfc062723c751e8b465ee728b)  -> (artifact id: '48d13122d79c6cc251abd6369b8972b3') in 0.005037 seconds
  Import took 0.009892 seconds .

========================================================================
Received Import Request.
  Time since last request: 119.998445 seconds.
  path: Assets/Sprites/Branch.png
  artifactKey: Guid(8270bea0783e13e40b1885168a6e874a) Importer(815301076,1909f56bfc062723c751e8b465ee728b)
Start importing Assets/Sprites/Branch.png using Guid(8270bea0783e13e40b1885168a6e874a) Importer(815301076,1909f56bfc062723c751e8b465ee728b)  -> (artifact id: '2b42b0ddb103293d1686ccb63d18d7d4') in 0.180013 seconds
  Import took 0.183234 seconds .

========================================================================
Received Import Request.
  Time since last request: 0.000394 seconds.
  path: Assets/Sprites/sloth sleeping.png
  artifactKey: Guid(176c3009d2acba5478ba9ac110c52f74) Importer(815301076,1909f56bfc062723c751e8b465ee728b)
Start importing Assets/Sprites/sloth sleeping.png using Guid(176c3009d2acba5478ba9ac110c52f74) Importer(815301076,1909f56bfc062723c751e8b465ee728b)  -> (artifact id: '52b30fb6d4d1862f4b649f1cb03c4d69') in 0.040115 seconds
  Import took 0.042823 seconds .

========================================================================
Received Import Request.
  Time since last request: 0.000362 seconds.
  path: Assets/Sprites/Sloth.png
  artifactKey: Guid(82b8f95cb230d7e46a4622ce991512fc) Importer(815301076,1909f56bfc062723c751e8b465ee728b)
Start importing Assets/Sprites/Sloth.png using Guid(82b8f95cb230d7e46a4622ce991512fc) Importer(815301076,1909f56bfc062723c751e8b465ee728b)  -> (artifact id: 'bebde083e6bb8aba172fc37a40df47bf') in 0.143143 seconds
  Import took 0.146282 seconds .

========================================================================
Received Import Request.
  Time since last request: 0.000339 seconds.
  path: Assets/Sprites/Sloth no tree.png
  artifactKey: Guid(551556e15a581ec4ebfae12279fb3b44) Importer(815301076,1909f56bfc062723c751e8b465ee728b)
Start importing Assets/Sprites/Sloth no tree.png using Guid(551556e15a581ec4ebfae12279fb3b44) Importer(815301076,1909f56bfc062723c751e8b465ee728b)  -> (artifact id: 'd0a2bb0cdf0bf40e828bdd61348d210a') in 0.042978 seconds
  Import took 0.046976 seconds .

========================================================================
Received Import Request.
  Time since last request: 0.003608 seconds.
  path: Assets/Sprites/Sloth no tree.png
  artifactKey: Guid(551556e15a581ec4ebfae12279fb3b44) Importer(815301076,1909f56bfc062723c751e8b465ee728b)
Start importing Assets/Sprites/Sloth no tree.png using Guid(551556e15a581ec4ebfae12279fb3b44) Importer(815301076,1909f56bfc062723c751e8b465ee728b)  -> (artifact id: 'd0a2bb0cdf0bf40e828bdd61348d210a') in 0.095076 seconds
  Import took 0.101019 seconds .
=======
=======
>>>>>>> Stashed changes
- Completed reload, in  1.325 seconds
Platform modules already initialized, skipping
Refreshing native plugins compatible for Editor in 0.33 ms, found 0 plugins.
Preloading 0 native plugins for Editor in 0.00 ms.
Unloading 1119 Unused Serialized files (Serialized files now loaded: 0)
System memory in use before: 58.5 MB.
System memory in use after: 58.6 MB.

Unloading 5 unused Assets to reduce memory usage. Loaded Objects now: 1595.
Total: 2.813300 ms (FindLiveObjects: 0.185700 ms CreateObjectMapping: 0.053000 ms MarkObjects: 2.480300 ms  DeleteObjects: 0.092900 ms)

========================================================================
Received Prepare
Registering precompiled user dll's ...
Registered in 0.000856 seconds.
Begin MonoManager ReloadAssembly
Native extension for WindowsStandalone target not found
Native extension for WebGL target not found
Refreshing native plugins compatible for Editor in 0.43 ms, found 0 plugins.
Preloading 0 native plugins for Editor in 0.00 ms.
Invoked RoslynAnalysisRunner static constructor.
RoslynAnalysisRunner will not be running.
RoslynAnalysisRunner has terminated.
Mono: successfully reloaded assembly
- Completed reload, in  1.180 seconds
Platform modules already initialized, skipping
Refreshing native plugins compatible for Editor in 0.45 ms, found 0 plugins.
Preloading 0 native plugins for Editor in 0.00 ms.
Unloading 1119 Unused Serialized files (Serialized files now loaded: 0)
System memory in use before: 58.5 MB.
System memory in use after: 58.6 MB.

Unloading 5 unused Assets to reduce memory usage. Loaded Objects now: 1598.
Total: 3.471400 ms (FindLiveObjects: 0.468800 ms CreateObjectMapping: 0.141400 ms MarkObjects: 2.788300 ms  DeleteObjects: 0.071100 ms)

========================================================================
Received Prepare
Registering precompiled user dll's ...
Registered in 0.001032 seconds.
Begin MonoManager ReloadAssembly
Native extension for WindowsStandalone target not found
Native extension for WebGL target not found
Refreshing native plugins compatible for Editor in 0.60 ms, found 0 plugins.
Preloading 0 native plugins for Editor in 0.00 ms.
Invoked RoslynAnalysisRunner static constructor.
RoslynAnalysisRunner will not be running.
RoslynAnalysisRunner has terminated.
Mono: successfully reloaded assembly
- Completed reload, in  1.161 seconds
Platform modules already initialized, skipping
Refreshing native plugins compatible for Editor in 0.41 ms, found 0 plugins.
Preloading 0 native plugins for Editor in 0.00 ms.
Unloading 1119 Unused Serialized files (Serialized files now loaded: 0)
System memory in use before: 58.5 MB.
System memory in use after: 58.6 MB.

Unloading 5 unused Assets to reduce memory usage. Loaded Objects now: 1601.
Total: 3.465400 ms (FindLiveObjects: 0.398000 ms CreateObjectMapping: 0.118200 ms MarkObjects: 2.872500 ms  DeleteObjects: 0.075100 ms)

========================================================================
Received Prepare
Registering precompiled user dll's ...
Registered in 0.000947 seconds.
Begin MonoManager ReloadAssembly
Native extension for WindowsStandalone target not found
Native extension for WebGL target not found
Refreshing native plugins compatible for Editor in 0.42 ms, found 0 plugins.
Preloading 0 native plugins for Editor in 0.00 ms.
Invoked RoslynAnalysisRunner static constructor.
RoslynAnalysisRunner will not be running.
RoslynAnalysisRunner has terminated.
Mono: successfully reloaded assembly
- Completed reload, in  1.108 seconds
Platform modules already initialized, skipping
Refreshing native plugins compatible for Editor in 0.33 ms, found 0 plugins.
Preloading 0 native plugins for Editor in 0.00 ms.
Unloading 1119 Unused Serialized files (Serialized files now loaded: 0)
System memory in use before: 58.5 MB.
System memory in use after: 58.6 MB.

Unloading 5 unused Assets to reduce memory usage. Loaded Objects now: 1604.
Total: 3.998800 ms (FindLiveObjects: 0.259200 ms CreateObjectMapping: 0.065800 ms MarkObjects: 3.581800 ms  DeleteObjects: 0.090400 ms)

========================================================================
Received Prepare
Registering precompiled user dll's ...
Registered in 0.000876 seconds.
Begin MonoManager ReloadAssembly
Native extension for WindowsStandalone target not found
Native extension for WebGL target not found
Refreshing native plugins compatible for Editor in 0.30 ms, found 0 plugins.
Preloading 0 native plugins for Editor in 0.00 ms.
Invoked RoslynAnalysisRunner static constructor.
RoslynAnalysisRunner will not be running.
RoslynAnalysisRunner has terminated.
Mono: successfully reloaded assembly
- Completed reload, in  1.135 seconds
Platform modules already initialized, skipping
Refreshing native plugins compatible for Editor in 0.27 ms, found 0 plugins.
Preloading 0 native plugins for Editor in 0.00 ms.
Unloading 1119 Unused Serialized files (Serialized files now loaded: 0)
System memory in use before: 58.5 MB.
System memory in use after: 58.6 MB.

Unloading 5 unused Assets to reduce memory usage. Loaded Objects now: 1607.
Total: 2.338200 ms (FindLiveObjects: 0.183500 ms CreateObjectMapping: 0.037600 ms MarkObjects: 2.008800 ms  DeleteObjects: 0.106400 ms)

========================================================================
Received Prepare
Registering precompiled user dll's ...
Registered in 0.000908 seconds.
Begin MonoManager ReloadAssembly
Native extension for WindowsStandalone target not found
Native extension for WebGL target not found
Refreshing native plugins compatible for Editor in 0.24 ms, found 0 plugins.
Preloading 0 native plugins for Editor in 0.00 ms.
Invoked RoslynAnalysisRunner static constructor.
RoslynAnalysisRunner will not be running.
RoslynAnalysisRunner has terminated.
Mono: successfully reloaded assembly
- Completed reload, in  1.036 seconds
Platform modules already initialized, skipping
Refreshing native plugins compatible for Editor in 0.46 ms, found 0 plugins.
Preloading 0 native plugins for Editor in 0.00 ms.
Unloading 1119 Unused Serialized files (Serialized files now loaded: 0)
System memory in use before: 58.5 MB.
System memory in use after: 58.6 MB.

Unloading 5 unused Assets to reduce memory usage. Loaded Objects now: 1610.
Total: 3.071300 ms (FindLiveObjects: 0.317100 ms CreateObjectMapping: 0.054100 ms MarkObjects: 2.617800 ms  DeleteObjects: 0.080400 ms)

========================================================================
Received Prepare
Registering precompiled user dll's ...
Registered in 0.000837 seconds.
Begin MonoManager ReloadAssembly
Native extension for WindowsStandalone target not found
Native extension for WebGL target not found
Refreshing native plugins compatible for Editor in 0.38 ms, found 0 plugins.
Preloading 0 native plugins for Editor in 0.00 ms.
Invoked RoslynAnalysisRunner static constructor.
RoslynAnalysisRunner will not be running.
RoslynAnalysisRunner has terminated.
Mono: successfully reloaded assembly
- Completed reload, in  1.148 seconds
Platform modules already initialized, skipping
Refreshing native plugins compatible for Editor in 0.27 ms, found 0 plugins.
Preloading 0 native plugins for Editor in 0.00 ms.
Unloading 1119 Unused Serialized files (Serialized files now loaded: 0)
System memory in use before: 58.6 MB.
System memory in use after: 58.7 MB.

Unloading 5 unused Assets to reduce memory usage. Loaded Objects now: 1613.
Total: 2.284600 ms (FindLiveObjects: 0.294500 ms CreateObjectMapping: 0.039000 ms MarkObjects: 1.876400 ms  DeleteObjects: 0.072400 ms)

========================================================================
Received Prepare
Registering precompiled user dll's ...
Registered in 0.001246 seconds.
Begin MonoManager ReloadAssembly
Native extension for WindowsStandalone target not found
Native extension for WebGL target not found
Refreshing native plugins compatible for Editor in 0.27 ms, found 0 plugins.
Preloading 0 native plugins for Editor in 0.00 ms.
Invoked RoslynAnalysisRunner static constructor.
RoslynAnalysisRunner will not be running.
RoslynAnalysisRunner has terminated.
Mono: successfully reloaded assembly
- Completed reload, in  0.904 seconds
Platform modules already initialized, skipping
Refreshing native plugins compatible for Editor in 0.28 ms, found 0 plugins.
Preloading 0 native plugins for Editor in 0.00 ms.
Unloading 1119 Unused Serialized files (Serialized files now loaded: 0)
System memory in use before: 58.6 MB.
System memory in use after: 58.7 MB.

Unloading 5 unused Assets to reduce memory usage. Loaded Objects now: 1616.
Total: 2.044800 ms (FindLiveObjects: 0.167300 ms CreateObjectMapping: 0.082400 ms MarkObjects: 1.721100 ms  DeleteObjects: 0.072500 ms)

========================================================================
Received Import Request.
  Time since last request: 26689.140521 seconds.
  path: Assets/Text.prefab
  artifactKey: Guid(4c6f8ebeeefde9d43bd8e4a10284e5a8) Importer(815301076,1909f56bfc062723c751e8b465ee728b)
Start importing Assets/Text.prefab using Guid(4c6f8ebeeefde9d43bd8e4a10284e5a8) Importer(815301076,1909f56bfc062723c751e8b465ee728b)  -> (artifact id: 'c7b1e08a371a3db0361baf1313385d04') in 0.111495 seconds
  Import took 0.116686 seconds .

========================================================================
Received Import Request.
  Time since last request: 6.740416 seconds.
  path: Assets/Text.prefab
  artifactKey: Guid(4c6f8ebeeefde9d43bd8e4a10284e5a8) Importer(815301076,1909f56bfc062723c751e8b465ee728b)
Start importing Assets/Text.prefab using Guid(4c6f8ebeeefde9d43bd8e4a10284e5a8) Importer(815301076,1909f56bfc062723c751e8b465ee728b)  -> (artifact id: 'c1b4c08849f9d07883540639f06eedce') in 0.006411 seconds
  Import took 0.009673 seconds .

========================================================================
Received Import Request.
  Time since last request: 9.930927 seconds.
  path: Assets/Text.prefab
  artifactKey: Guid(4c6f8ebeeefde9d43bd8e4a10284e5a8) Importer(815301076,1909f56bfc062723c751e8b465ee728b)
Start importing Assets/Text.prefab using Guid(4c6f8ebeeefde9d43bd8e4a10284e5a8) Importer(815301076,1909f56bfc062723c751e8b465ee728b)  -> (artifact id: '67dbd7fbd58a075eb0747aab4827d8c0') in 0.015803 seconds
  Import took 0.020747 seconds .

========================================================================
Received Prepare
Registering precompiled user dll's ...
Registered in 0.001313 seconds.
Begin MonoManager ReloadAssembly
Native extension for WindowsStandalone target not found
Native extension for WebGL target not found
Refreshing native plugins compatible for Editor in 0.26 ms, found 0 plugins.
Preloading 0 native plugins for Editor in 0.00 ms.
Invoked RoslynAnalysisRunner static constructor.
RoslynAnalysisRunner will not be running.
RoslynAnalysisRunner has terminated.
Mono: successfully reloaded assembly
- Completed reload, in  1.096 seconds
Platform modules already initialized, skipping
Refreshing native plugins compatible for Editor in 0.53 ms, found 0 plugins.
Preloading 0 native plugins for Editor in 0.00 ms.
Unloading 1119 Unused Serialized files (Serialized files now loaded: 0)
System memory in use before: 58.7 MB.
System memory in use after: 58.8 MB.

Unloading 5 unused Assets to reduce memory usage. Loaded Objects now: 1621.
Total: 3.155400 ms (FindLiveObjects: 0.150900 ms CreateObjectMapping: 0.065500 ms MarkObjects: 2.874200 ms  DeleteObjects: 0.063500 ms)

========================================================================
Received Import Request.
  Time since last request: 11.950502 seconds.
  path: Assets/Text.prefab
  artifactKey: Guid(4c6f8ebeeefde9d43bd8e4a10284e5a8) Importer(815301076,1909f56bfc062723c751e8b465ee728b)
Start importing Assets/Text.prefab using Guid(4c6f8ebeeefde9d43bd8e4a10284e5a8) Importer(815301076,1909f56bfc062723c751e8b465ee728b)  -> (artifact id: '8b3db527883e56e0caa46a8d264d1766') in 0.040282 seconds
  Import took 0.043176 seconds .

========================================================================
Received Prepare
Registering precompiled user dll's ...
Registered in 0.003323 seconds.
Begin MonoManager ReloadAssembly
Native extension for WindowsStandalone target not found
Native extension for WebGL target not found
Refreshing native plugins compatible for Editor in 0.80 ms, found 0 plugins.
Preloading 0 native plugins for Editor in 0.00 ms.
Invoked RoslynAnalysisRunner static constructor.
RoslynAnalysisRunner will not be running.
RoslynAnalysisRunner has terminated.
Mono: successfully reloaded assembly
- Completed reload, in  2.252 seconds
Platform modules already initialized, skipping
Refreshing native plugins compatible for Editor in 0.60 ms, found 0 plugins.
Preloading 0 native plugins for Editor in 0.00 ms.
Unloading 1119 Unused Serialized files (Serialized files now loaded: 0)
System memory in use before: 58.7 MB.
System memory in use after: 58.8 MB.

Unloading 5 unused Assets to reduce memory usage. Loaded Objects now: 1624.
Total: 5.238300 ms (FindLiveObjects: 1.050400 ms CreateObjectMapping: 0.726400 ms MarkObjects: 3.374800 ms  DeleteObjects: 0.083900 ms)

========================================================================
Received Prepare
Registering precompiled user dll's ...
Registered in 0.000806 seconds.
Begin MonoManager ReloadAssembly
Native extension for WindowsStandalone target not found
Native extension for WebGL target not found
Refreshing native plugins compatible for Editor in 0.26 ms, found 0 plugins.
Preloading 0 native plugins for Editor in 0.00 ms.
Invoked RoslynAnalysisRunner static constructor.
RoslynAnalysisRunner will not be running.
RoslynAnalysisRunner has terminated.
Mono: successfully reloaded assembly
- Completed reload, in  1.049 seconds
Platform modules already initialized, skipping
Refreshing native plugins compatible for Editor in 0.32 ms, found 0 plugins.
Preloading 0 native plugins for Editor in 0.00 ms.
Unloading 1119 Unused Serialized files (Serialized files now loaded: 0)
System memory in use before: 58.7 MB.
System memory in use after: 58.8 MB.

Unloading 5 unused Assets to reduce memory usage. Loaded Objects now: 1627.
Total: 3.689400 ms (FindLiveObjects: 0.313800 ms CreateObjectMapping: 0.154300 ms MarkObjects: 3.122900 ms  DeleteObjects: 0.096800 ms)

========================================================================
Received Prepare
Registering precompiled user dll's ...
Registered in 0.001192 seconds.
Begin MonoManager ReloadAssembly
Native extension for WindowsStandalone target not found
Native extension for WebGL target not found
Refreshing native plugins compatible for Editor in 0.49 ms, found 0 plugins.
Preloading 0 native plugins for Editor in 0.00 ms.
Invoked RoslynAnalysisRunner static constructor.
RoslynAnalysisRunner will not be running.
RoslynAnalysisRunner has terminated.
Mono: successfully reloaded assembly
- Completed reload, in  1.087 seconds
Platform modules already initialized, skipping
Refreshing native plugins compatible for Editor in 0.28 ms, found 0 plugins.
Preloading 0 native plugins for Editor in 0.00 ms.
Unloading 1119 Unused Serialized files (Serialized files now loaded: 0)
System memory in use before: 58.7 MB.
System memory in use after: 58.8 MB.

Unloading 5 unused Assets to reduce memory usage. Loaded Objects now: 1630.
Total: 2.112100 ms (FindLiveObjects: 0.186100 ms CreateObjectMapping: 0.045500 ms MarkObjects: 1.822700 ms  DeleteObjects: 0.056100 ms)
<<<<<<< Updated upstream
>>>>>>> Stashed changes
=======
>>>>>>> Stashed changes

AssetImportWorkerClient::OnTransportError - code=2 error=End of file
