Using pre-set license
Built from '2020.3/staging' branch; Version is '2020.3.0f1 (c7b5465681fb) revision 13088070'; Using compiler version '192528614'; Build Type 'Release'
OS: 'Windows 10 Pro; OS build 19042.867; Version 2009; 64bit' Language: 'en' Physical Memory: 32720 MB
BatchMode: 1, IsHumanControllingUs: 0, StartBugReporterOnCrash: 0, Is64bit: 1, IsPro: 0

 COMMAND LINE ARGUMENTS:
C:\Program Files\Unity\Hub\Editor\2020.3.0f1\Editor\Unity.exe
-adb2
-batchMode
-noUpm
-name
AssetImportWorker0
-projectPath
D:/Documents/GitHub/CEN207-Assessment2/cen207_unityproject
-logFile
Logs/AssetImportWorker0.log
-srvPort
63250
Successfully changed project path to: D:/Documents/GitHub/CEN207-Assessment2/cen207_unityproject
D:/Documents/GitHub/CEN207-Assessment2/cen207_unityproject
Using Asset Import Pipeline V2.
Refreshing native plugins compatible for Editor in 19.59 ms, found 0 plugins.
Preloading 0 native plugins for Editor in 0.00 ms.
Initialize engine version: 2020.3.0f1 (c7b5465681fb)
[Subsystems] Discovering subsystems at path C:/Program Files/Unity/Hub/Editor/2020.3.0f1/Editor/Data/Resources/UnitySubsystems
[Subsystems] Discovering subsystems at path D:/Documents/GitHub/CEN207-Assessment2/cen207_unityproject/Assets
GfxDevice: creating device client; threaded=0
Direct3D:
    Version:  Direct3D 11.0 [level 11.1]
    Renderer: NVIDIA GeForce RTX 2070 SUPER (ID=0x1e84)
    Vendor:   
    VRAM:     8011 MB
    Driver:   27.21.14.6589
Initialize mono
Mono path[0] = 'C:/Program Files/Unity/Hub/Editor/2020.3.0f1/Editor/Data/Managed'
Mono path[1] = 'C:/Program Files/Unity/Hub/Editor/2020.3.0f1/Editor/Data/MonoBleedingEdge/lib/mono/unityjit'
Mono config path = 'C:/Program Files/Unity/Hub/Editor/2020.3.0f1/Editor/Data/MonoBleedingEdge/etc'
Using monoOptions --debugger-agent=transport=dt_socket,embedding=1,server=y,suspend=n,address=127.0.0.1:56648
Begin MonoManager ReloadAssembly
Registering precompiled unity dll's ...
Register platform support module: C:/Program Files/Unity/Hub/Editor/2020.3.0f1/Editor/Data/PlaybackEngines/WebGLSupport/UnityEditor.WebGL.Extensions.dll
Register platform support module: C:/Program Files/Unity/Hub/Editor/2020.3.0f1/Editor/Data/PlaybackEngines/WindowsStandaloneSupport/UnityEditor.WindowsStandalone.Extensions.dll
Register platform support module: C:/Program Files/Unity/Hub/Editor/2020.3.0f1/Editor/Data/PlaybackEngines/LinuxStandaloneSupport/UnityEditor.LinuxStandalone.Extensions.dll
Registered in 0.003121 seconds.
Native extension for LinuxStandalone target not found
Native extension for WindowsStandalone target not found
Native extension for WebGL target not found
Refreshing native plugins compatible for Editor in 19.29 ms, found 0 plugins.
Preloading 0 native plugins for Editor in 0.00 ms.
Invoked RoslynAnalysisRunner static constructor.
RoslynAnalysisRunner will not be running.
RoslynAnalysisRunner has terminated.
Mono: successfully reloaded assembly
- Completed reload, in  1.668 seconds
Platform modules already initialized, skipping
Registering precompiled user dll's ...
Registered in 0.000489 seconds.
Begin MonoManager ReloadAssembly
Native extension for LinuxStandalone target not found
Native extension for WindowsStandalone target not found
Native extension for WebGL target not found
Refreshing native plugins compatible for Editor in 0.19 ms, found 0 plugins.
Preloading 0 native plugins for Editor in 0.00 ms.
Invoked RoslynAnalysisRunner static constructor.
RoslynAnalysisRunner will not be running.
RoslynAnalysisRunner has terminated.
Mono: successfully reloaded assembly
- Completed reload, in  0.652 seconds
Platform modules already initialized, skipping
========================================================================
Worker process is ready to serve import requests
Launched and connected shader compiler UnityShaderCompiler.exe after 0.04 seconds
Refreshing native plugins compatible for Editor in 0.20 ms, found 0 plugins.
Preloading 0 native plugins for Editor in 0.00 ms.
Unloading 1137 Unused Serialized files (Serialized files now loaded: 0)
System memory in use before: 59.1 MB.
System memory in use after: 59.2 MB.

Unloading 10 unused Assets to reduce memory usage. Loaded Objects now: 1580.
Total: 1.710700 ms (FindLiveObjects: 0.144400 ms CreateObjectMapping: 0.025800 ms MarkObjects: 1.464800 ms  DeleteObjects: 0.074600 ms)

========================================================================
Received Import Request.
  path: Assets/Scenes/PC Scene.unity
  artifactKey: Guid(d68999bf31cf155468409a4ba36250d6) Importer(815301076,1909f56bfc062723c751e8b465ee728b)
Start importing Assets/Scenes/PC Scene.unity using Guid(d68999bf31cf155468409a4ba36250d6) Importer(815301076,1909f56bfc062723c751e8b465ee728b)  -> (artifact id: 'db2a48dc7ff53f67a201736b934351a9') in 0.011505 seconds
  Import took 0.013165 seconds .

========================================================================
Received Prepare
Refreshing native plugins compatible for Editor in 0.61 ms, found 0 plugins.
Preloading 0 native plugins for Editor in 0.00 ms.
Unloading 3 Unused Serialized files (Serialized files now loaded: 0)
System memory in use before: 35.8 MB.
System memory in use after: 35.8 MB.

Unloading 3 unused Assets to reduce memory usage. Loaded Objects now: 1580.
Total: 1.828800 ms (FindLiveObjects: 0.186100 ms CreateObjectMapping: 0.033600 ms MarkObjects: 1.557900 ms  DeleteObjects: 0.050300 ms)

========================================================================
Received Prepare
Registering precompiled user dll's ...
Registered in 0.000509 seconds.
Begin MonoManager ReloadAssembly
Native extension for LinuxStandalone target not found
Native extension for WindowsStandalone target not found
Native extension for WebGL target not found
Refreshing native plugins compatible for Editor in 0.20 ms, found 0 plugins.
Preloading 0 native plugins for Editor in 0.00 ms.
Invoked RoslynAnalysisRunner static constructor.
RoslynAnalysisRunner will not be running.
RoslynAnalysisRunner has terminated.
Mono: successfully reloaded assembly
- Completed reload, in  0.628 seconds
Platform modules already initialized, skipping
Refreshing native plugins compatible for Editor in 0.20 ms, found 0 plugins.
Preloading 0 native plugins for Editor in 0.00 ms.
Unloading 1119 Unused Serialized files (Serialized files now loaded: 0)
System memory in use before: 58.0 MB.
System memory in use after: 58.1 MB.

Unloading 5 unused Assets to reduce memory usage. Loaded Objects now: 1583.
Total: 1.874300 ms (FindLiveObjects: 0.152000 ms CreateObjectMapping: 0.028000 ms MarkObjects: 1.639400 ms  DeleteObjects: 0.053700 ms)

========================================================================
Received Prepare
Registering precompiled user dll's ...
Registered in 0.001649 seconds.
Begin MonoManager ReloadAssembly
Native extension for LinuxStandalone target not found
Native extension for WindowsStandalone target not found
Native extension for WebGL target not found
Refreshing native plugins compatible for Editor in 0.19 ms, found 0 plugins.
Preloading 0 native plugins for Editor in 0.00 ms.
Invoked RoslynAnalysisRunner static constructor.
RoslynAnalysisRunner will not be running.
RoslynAnalysisRunner has terminated.
Mono: successfully reloaded assembly
- Completed reload, in  0.618 seconds
Platform modules already initialized, skipping
Refreshing native plugins compatible for Editor in 0.20 ms, found 0 plugins.
Preloading 0 native plugins for Editor in 0.00 ms.
Unloading 1119 Unused Serialized files (Serialized files now loaded: 0)
System memory in use before: 58.1 MB.
System memory in use after: 58.1 MB.

Unloading 5 unused Assets to reduce memory usage. Loaded Objects now: 1586.
Total: 1.398800 ms (FindLiveObjects: 0.125300 ms CreateObjectMapping: 0.031400 ms MarkObjects: 1.191200 ms  DeleteObjects: 0.050200 ms)

========================================================================
Received Import Request.
  Time since last request: 113.297859 seconds.
  path: Assets/Scenes/PC Scene_Answer Review.unity
  artifactKey: Guid(933e028ee3725f04a8c9d78677b9ecab) Importer(815301076,1909f56bfc062723c751e8b465ee728b)
Start importing Assets/Scenes/PC Scene_Answer Review.unity using Guid(933e028ee3725f04a8c9d78677b9ecab) Importer(815301076,1909f56bfc062723c751e8b465ee728b)  -> (artifact id: '2dbabeb97d431eb9f8845717673a0ba6') in 0.010964 seconds
  Import took 0.012656 seconds .

========================================================================
Received Import Request.
  Time since last request: 2.144130 seconds.
  path: Assets/Scenes/PC Scene_Answer Size.unity
  artifactKey: Guid(15b3c8fd6c7be3b4fb4c6d742464c978) Importer(815301076,1909f56bfc062723c751e8b465ee728b)
Start importing Assets/Scenes/PC Scene_Answer Size.unity using Guid(15b3c8fd6c7be3b4fb4c6d742464c978) Importer(815301076,1909f56bfc062723c751e8b465ee728b)  -> (artifact id: 'c5f57ef0bb9f8caf9de1e1c3c63a8369') in 0.004157 seconds
  Import took 0.005739 seconds .

========================================================================
Received Import Request.
  Time since last request: 32.630310 seconds.
  path: Assets/Scenes/PC Scene_Answer Size.unity
  artifactKey: Guid(15b3c8fd6c7be3b4fb4c6d742464c978) Importer(815301076,1909f56bfc062723c751e8b465ee728b)
Start importing Assets/Scenes/PC Scene_Answer Size.unity using Guid(15b3c8fd6c7be3b4fb4c6d742464c978) Importer(815301076,1909f56bfc062723c751e8b465ee728b)  -> (artifact id: '54a858dbb92676a9433b886e23c72b69') in 0.003349 seconds
  Import took 0.004944 seconds .

========================================================================
Received Import Request.
  Time since last request: 0.000632 seconds.
  path: Assets/Scenes/PC Scene_Answer Size.unity
  artifactKey: Guid(15b3c8fd6c7be3b4fb4c6d742464c978) Importer(815301076,1909f56bfc062723c751e8b465ee728b)
Start importing Assets/Scenes/PC Scene_Answer Size.unity using Guid(15b3c8fd6c7be3b4fb4c6d742464c978) Importer(815301076,1909f56bfc062723c751e8b465ee728b)  -> (artifact id: '54a858dbb92676a9433b886e23c72b69') in 0.003215 seconds
  Import took 0.004610 seconds .

========================================================================
Received Import Request.
  Time since last request: 23.561401 seconds.
  path: Assets/Scenes/PC Scene_Answer Tee.unity
  artifactKey: Guid(2f77a96cf402114409e29c4c30f5d44b) Importer(815301076,1909f56bfc062723c751e8b465ee728b)
Start importing Assets/Scenes/PC Scene_Answer Tee.unity using Guid(2f77a96cf402114409e29c4c30f5d44b) Importer(815301076,1909f56bfc062723c751e8b465ee728b)  -> (artifact id: 'a977bb9739b6c14c2dbb20d6b7b14410') in 0.003992 seconds
  Import took 0.005691 seconds .

========================================================================
Received Import Request.
  Time since last request: 0.000241 seconds.
  path: Assets/Scenes/PC Scene_Answer Tee.unity
  artifactKey: Guid(2f77a96cf402114409e29c4c30f5d44b) Importer(815301076,1909f56bfc062723c751e8b465ee728b)
Start importing Assets/Scenes/PC Scene_Answer Tee.unity using Guid(2f77a96cf402114409e29c4c30f5d44b) Importer(815301076,1909f56bfc062723c751e8b465ee728b)  -> (artifact id: 'a977bb9739b6c14c2dbb20d6b7b14410') in 0.003479 seconds
  Import took 0.004955 seconds .

========================================================================
Received Import Request.
  Time since last request: 22.738324 seconds.
  path: Assets/Scenes/App Scene.unity
  artifactKey: Guid(74a777cca3f364349bbccdb36f4010f2) Importer(815301076,1909f56bfc062723c751e8b465ee728b)
Start importing Assets/Scenes/App Scene.unity using Guid(74a777cca3f364349bbccdb36f4010f2) Importer(815301076,1909f56bfc062723c751e8b465ee728b)  -> (artifact id: '872c12afdac251b1de8a9a8b54bdae0b') in 0.003990 seconds
  Import took 0.005684 seconds .

========================================================================
Received Import Request.
  Time since last request: 0.000618 seconds.
  path: Assets/Scenes/App Scene.unity
  artifactKey: Guid(74a777cca3f364349bbccdb36f4010f2) Importer(815301076,1909f56bfc062723c751e8b465ee728b)
Start importing Assets/Scenes/App Scene.unity using Guid(74a777cca3f364349bbccdb36f4010f2) Importer(815301076,1909f56bfc062723c751e8b465ee728b)  -> (artifact id: '872c12afdac251b1de8a9a8b54bdae0b') in 0.003280 seconds
  Import took 0.004735 seconds .

========================================================================
Received Prepare
Registering precompiled user dll's ...
Registered in 0.000552 seconds.
Begin MonoManager ReloadAssembly
Native extension for LinuxStandalone target not found
Native extension for WindowsStandalone target not found
Native extension for WebGL target not found
Refreshing native plugins compatible for Editor in 0.20 ms, found 0 plugins.
Preloading 0 native plugins for Editor in 0.00 ms.
Invoked RoslynAnalysisRunner static constructor.
RoslynAnalysisRunner will not be running.
RoslynAnalysisRunner has terminated.
Mono: successfully reloaded assembly
- Completed reload, in  0.591 seconds
Platform modules already initialized, skipping
Refreshing native plugins compatible for Editor in 0.18 ms, found 0 plugins.
Preloading 0 native plugins for Editor in 0.00 ms.
Unloading 1119 Unused Serialized files (Serialized files now loaded: 0)
System memory in use before: 58.1 MB.
System memory in use after: 58.2 MB.

Unloading 5 unused Assets to reduce memory usage. Loaded Objects now: 1589.
Total: 1.470500 ms (FindLiveObjects: 0.121400 ms CreateObjectMapping: 0.026000 ms MarkObjects: 1.258300 ms  DeleteObjects: 0.063900 ms)

AssetImportWorkerClient::OnTransportError - code=2 error=End of file
